#
# A fatal error has been detected by the Java Runtime Environment:
#
#  SIGSEGV (0xb) at pc=0x00007fff847bf4dd, pid=6061, tid=0x0000000000000a0b
#
# JRE version: Java(TM) SE Runtime Environment (8.0_121-b13) (build 1.8.0_121-b13)
# Java VM: Java HotSpot(TM) 64-Bit Server VM (25.121-b13 mixed mode bsd-amd64 compressed oops)
# Problematic frame:
# C  [libobjc.A.dylib+0x14dd]  objc_msgSend+0x1d
#
# Failed to write core dump. Core dumps have been disabled. To enable core dumping, try "ulimit -c unlimited" before starting Java again
#
# If you would like to submit a bug report, please visit:
#   http://bugreport.java.com/bugreport/crash.jsp
# The crash happened outside the Java Virtual Machine in native code.
# See problematic frame for where to report the bug.
#

---------------  T H R E A D  ---------------

Current thread (0x00007ff0e40cb800):  JavaThread "AWT-AppKit" daemon [_thread_in_native, id=2571, stack(0x00007fff5f1cb000,0x00007fff5f9cb000)]

siginfo: si_signo: 11 (SIGSEGV), si_code: 1 (SEGV_MAPERR), si_addr: 0x000007ff0e82a048

Registers:
RAX=0x00007ff0e828fbd0, RBX=0x000000017a759450, RCX=0x00000001184ed020, RDX=0x000000011b02e4a0
RSP=0x00007fff5f9c6278, RBP=0x00007fff5f9c6330, RSI=0x00007fff95608cbe, RDI=0x00007ff0e828abb0
R8 =0x0000000000000000, R9 =0x00000000000008b0, R10=0x00007fff95608cbe, R11=0x000007ff0e82a030
R12=0x0000000000000000, R13=0x000000017c59f818, R14=0x000000017a759440, R15=0x00007ff0e40cb800
RIP=0x00007fff847bf4dd, EFLAGS=0x0000000000010206, ERR=0x0000000000000004
  TRAPNO=0x000000000000000e

Top of Stack: (sp=0x00007fff5f9c6278)
0x00007fff5f9c6278:   000000017a757157 00007fff5f9c62d0
0x00007fff5f9c6288:   0000000000000003 00007fff5f9c62b0
0x00007fff5f9c6298:   00000001017f2c62 000000017c59f818
0x00007fff5f9c62a8:   000000017c59f818 00007ff0e828fbd0
0x00007fff5f9c62b8:   000000017a7596a0 000000017a759710
0x00007fff5f9c62c8:   00007fff72e96770 00007fff7329b500
0x00007fff5f9c62d8:   000000017a759450 000000017a759690
0x00007fff5f9c62e8:   00007ff0e828fbd0 00007ff0e828abb0
0x00007fff5f9c62f8:   00007ff0e850ba30 00007ff0e828fbd0
0x00007fff5f9c6308:   00007ff0e828abb0 00007fff5f9c63b8
0x00007fff5f9c6318:   00007ff0e40cb9f8 000000017c59f818
0x00007fff5f9c6328:   00007fff5f9c63e0 00007fff5f9c63a8
0x00007fff5f9c6338:   00000001025c29f4 000000017c59f818
0x00007fff5f9c6348:   00007fff5f9c63e0 00007fff5f9c63a8
0x00007fff5f9c6358:   00000001025c2787 00000001025c2742
0x00007fff5f9c6368:   00007fff5f9c6368 000000017c59f818
0x00007fff5f9c6378:   00007fff5f9c63e0 000000017c5a2450
0x00007fff5f9c6388:   0000000000000000 000000017c59f818
0x00007fff5f9c6398:   0000000000000000 00007fff5f9c63c8
0x00007fff5f9c63a8:   00007fff5f9c6428 00000001025b32bd
0x00007fff5f9c63b8:   0000000780f641f8 00000001025bc538
0x00007fff5f9c63c8:   00007ff0e828fbd0 00007fff5f9c6428
0x00007fff5f9c63d8:   00007ff0e828abb0 00000001025bde02
0x00007fff5f9c63e8:   00007fff5f9c63e8 000000017c59f9e2
0x00007fff5f9c63f8:   00007fff5f9c6450 000000017c5a2450
0x00007fff5f9c6408:   0000000000000000 000000017c59f9f0
0x00007fff5f9c6418:   00007fff5f9c63c8 00007fff5f9c6438
0x00007fff5f9c6428:   00007fff5f9c6498 00000001025b32bd
0x00007fff5f9c6438:   00007ff0e828fbd0 0000000780ffaa48
0x00007fff5f9c6448:   00007ff0e828abb0 0000000780ffaa48
0x00007fff5f9c6458:   00007fff5f9c6458 000000017e5e4966
0x00007fff5f9c6468:   00007fff5f9c64a8 000000017e5e4a20 

Instructions: (pc=0x00007fff847bf4dd)
0x00007fff847bf4bd:   44 00 00 48 85 ff 2e 74 62 40 f6 c7 01 2e 75 66
0x00007fff847bf4cd:   49 bb f8 ff ff ff ff 7f 00 00 4c 23 1f 49 89 f2
0x00007fff847bf4dd:   45 23 53 18 49 c1 e2 04 4d 03 53 10 49 3b 32 75
0x00007fff847bf4ed:   04 41 ff 62 08 49 83 3a 01 76 0d 49 83 c2 10 49 

Register to memory mapping:

RAX=0x00007ff0e828fbd0 is an unknown value
RBX=0x000000017a759450: Java_jogamp_nativewindow_macosx_OSXUtil_GetScreenRefreshRate0+0x1cf0 in /private/var/folders/46/wfq1xpb12hzd2bjqq_53x6280000gn/T/jogamp_0000/file_cache/jln864532154544223555/jln3699758264468506628/libnativewindow_macosx.jnilib at 0x000000017a752000
RCX=0x00000001184ed020 is an unknown value
RDX=0x000000011b02e4a0 is an unknown value
RSP=0x00007fff5f9c6278 is pointing into the stack for thread: 0x00007ff0e40cb800
RBP=0x00007fff5f9c6330 is pointing into the stack for thread: 0x00007ff0e40cb800
RSI=0x00007fff95608cbe is an unknown value
RDI=0x00007ff0e828abb0 is an unknown value
R8 =0x0000000000000000 is an unknown value
R9 =0x00000000000008b0 is an unknown value
R10=0x00007fff95608cbe is an unknown value
R11=0x000007ff0e82a030 is an unknown value
R12=0x0000000000000000 is an unknown value
R13={method} {0x000000017c59f818} 'UnsetJAWTRootSurfaceLayer0' '(JJ)V' in 'jogamp/nativewindow/jawt/macosx/MacOSXJAWTWindow'
R14=0x000000017a759440: Java_jogamp_nativewindow_macosx_OSXUtil_GetScreenRefreshRate0+0x1ce0 in /private/var/folders/46/wfq1xpb12hzd2bjqq_53x6280000gn/T/jogamp_0000/file_cache/jln864532154544223555/jln3699758264468506628/libnativewindow_macosx.jnilib at 0x000000017a752000
R15=0x00007ff0e40cb800 is a thread


Stack: [0x00007fff5f1cb000,0x00007fff5f9cb000],  sp=0x00007fff5f9c6278,  free space=8172k
Native frames: (J=compiled Java code, j=interpreted, Vv=VM code, C=native code)
C  [libobjc.A.dylib+0x14dd]  objc_msgSend+0x1d
j  jogamp.nativewindow.jawt.macosx.MacOSXJAWTWindow.UnsetJAWTRootSurfaceLayer0(JJ)V+0
j  jogamp.nativewindow.jawt.macosx.MacOSXJAWTWindow.access$200(JJ)V+2
j  jogamp.nativewindow.jawt.macosx.MacOSXJAWTWindow$1.run()V+38
J 2420 C1 com.jogamp.common.util.RunnableTask.run()V (345 bytes) @ 0x0000000102e5ce34 [0x0000000102e5cca0+0x194]
v  ~StubRoutines::call_stub
V  [libjvm.dylib+0x2ed9d6]
V  [libjvm.dylib+0x324b65]
V  [libjvm.dylib+0x317333]
C  [libnativewindow_macosx.jnilib+0x5326]  Java_jogamp_nativewindow_jawt_macosx_MacOSXJAWTWindow_UnsetJAWTRootSurfaceLayer0+0x2b6
C  [Foundation+0x76dfe]  __NSThreadPerformPerform+0x117
C  [CoreFoundation+0xaa7e1]  __CFRUNLOOP_IS_CALLING_OUT_TO_A_SOURCE0_PERFORM_FUNCTION__+0x11
C  [CoreFoundation+0x89f0c]  __CFRunLoopDoSources0+0x22c
C  [CoreFoundation+0x8942f]  __CFRunLoopRun+0x39f
C  [CoreFoundation+0x88e28]  CFRunLoopRunSpecific+0x128
C  [HIToolbox+0x30935]  RunCurrentEventLoopInMode+0xeb
C  [HIToolbox+0x30677]  ReceiveNextEventCommon+0xb8
C  [HIToolbox+0x305af]  _BlockUntilNextEventMatchingListInModeWithFilter+0x47
C  [AppKit+0x48df6]  _DPSNextEvent+0x42b
C  [AppKit+0x48226]  -[NSApplication _nextEventMatchingEventMask:untilDate:inMode:dequeue:]+0x1c6
C  [libosxapp.dylib+0x23aa]  -[NSApplicationAWT nextEventMatchingMask:untilDate:inMode:dequeue:]+0x7c
C  [AppKit+0x3cd80]  -[NSApplication run]+0x2aa
C  [libosxapp.dylib+0x214d]  +[NSApplicationAWT runAWTLoopWithApp:]+0x9c
C  [libawt_lwawt.dylib+0x45ff7]  -[AWTStarter starter:]+0x389
C  [Foundation+0x76dfe]  __NSThreadPerformPerform+0x117
C  [CoreFoundation+0xaa7e1]  __CFRUNLOOP_IS_CALLING_OUT_TO_A_SOURCE0_PERFORM_FUNCTION__+0x11
C  [CoreFoundation+0x89f0c]  __CFRunLoopDoSources0+0x22c
C  [CoreFoundation+0x8942f]  __CFRunLoopRun+0x39f
C  [CoreFoundation+0x88e28]  CFRunLoopRunSpecific+0x128
C  [java+0x6465]  CreateExecutionEnvironment+0x367
C  [java+0x218c]  JLI_Launch+0x7a0
C  [java+0x84c2]  main+0x65
C  [java+0x19e4]  start+0x34
C  0x0000000000000007

Java frames: (J=compiled Java code, j=interpreted, Vv=VM code)
j  jogamp.nativewindow.jawt.macosx.MacOSXJAWTWindow.UnsetJAWTRootSurfaceLayer0(JJ)V+0
j  jogamp.nativewindow.jawt.macosx.MacOSXJAWTWindow.access$200(JJ)V+2
j  jogamp.nativewindow.jawt.macosx.MacOSXJAWTWindow$1.run()V+38
J 2420 C1 com.jogamp.common.util.RunnableTask.run()V (345 bytes) @ 0x0000000102e5ce34 [0x0000000102e5cca0+0x194]
v  ~StubRoutines::call_stub

---------------  P R O C E S S  ---------------

Java Threads: ( => current thread )
  0x00007ff0e4023000 JavaThread "Thread-20" [_thread_blocked, id=36363, stack(0x000070000104a000,0x000070000114a000)]
  0x00007ff0e4800000 JavaThread "AWT-EventQueue-1" [_thread_in_native, id=61731, stack(0x00007000018eb000,0x00007000019eb000)]
  0x00007ff0e3ab5000 JavaThread "DestroyJavaVM" [_thread_blocked, id=5891, stack(0x000070000011a000,0x000070000021a000)]
  0x00007ff0e5175800 JavaThread "AWT-EventQueue-0" [_thread_blocked, id=54295, stack(0x00007000016e5000,0x00007000017e5000)]
  0x00007ff0e412d800 JavaThread "Java2D Disposer" daemon [_thread_blocked, id=53507, stack(0x000070000145c000,0x000070000155c000)]
  0x00007ff0e38f2800 JavaThread "Java2D Queue Flusher" daemon [_thread_blocked, id=50183, stack(0x0000700001359000,0x0000700001459000)]
  0x00007ff0e38a1000 JavaThread "AWT-Shutdown" [_thread_blocked, id=29979, stack(0x00007000011d3000,0x00007000012d3000)]
=>0x00007ff0e40cb800 JavaThread "AWT-AppKit" daemon [_thread_in_native, id=2571, stack(0x00007fff5f1cb000,0x00007fff5f9cb000)]
  0x00007ff0e381f800 JavaThread "Service Thread" daemon [_thread_blocked, id=18435, stack(0x0000700000dc1000,0x0000700000ec1000)]
  0x00007ff0e501c000 JavaThread "C1 CompilerThread2" daemon [_thread_blocked, id=17923, stack(0x0000700000cbe000,0x0000700000dbe000)]
  0x00007ff0e501b000 JavaThread "C2 CompilerThread1" daemon [_thread_blocked, id=17411, stack(0x0000700000bbb000,0x0000700000cbb000)]
  0x00007ff0e484c800 JavaThread "C2 CompilerThread0" daemon [_thread_blocked, id=16899, stack(0x0000700000ab8000,0x0000700000bb8000)]
  0x00007ff0e484b800 JavaThread "Signal Dispatcher" daemon [_thread_blocked, id=12815, stack(0x00007000009b5000,0x0000700000ab5000)]
  0x00007ff0e483b800 JavaThread "Finalizer" daemon [_thread_blocked, id=12291, stack(0x000070000082f000,0x000070000092f000)]
  0x00007ff0e4019800 JavaThread "Reference Handler" daemon [_thread_blocked, id=11779, stack(0x000070000072c000,0x000070000082c000)]

Other Threads:
  0x00007ff0e4809000 VMThread [stack: 0x0000700000629000,0x0000700000729000] [id=11267]
  0x00007ff0e484f800 WatcherThread [stack: 0x0000700000ec4000,0x0000700000fc4000] [id=18947]

VM state:not at safepoint (normal execution)

VM Mutex/Monitor currently owned by a thread: None

Heap:
 PSYoungGen      total 131584K, used 79112K [0x00000007aab00000, 0x00000007b6100000, 0x00000007c0000000)
  eden space 117248K, 67% used [0x00000007aab00000,0x00000007af822100,0x00000007b1d80000)
  from space 14336K, 0% used [0x00000007b1d80000,0x00000007b1da0000,0x00000007b2b80000)
  to   space 14336K, 0% used [0x00000007b5300000,0x00000007b5300000,0x00000007b6100000)
 ParOldGen       total 44032K, used 28149K [0x0000000780000000, 0x0000000782b00000, 0x00000007aab00000)
  object space 44032K, 63% used [0x0000000780000000,0x0000000781b7d600,0x0000000782b00000)
 Metaspace       used 27451K, capacity 27717K, committed 27904K, reserved 1075200K
  class space    used 2168K, capacity 2264K, committed 2304K, reserved 1048576K

Card table byte_map: [0x000000011196b000,0x0000000111b6c000] byte_map_base: 0x000000010dd6b000

Marking Bits: (ParMarkBitMap*) 0x0000000101ef0d30
 Begin Bits: [0x0000000111cc2000, 0x0000000112cc2000)
 End Bits:   [0x0000000112cc2000, 0x0000000113cc2000)

Polling page: 0x0000000100255000

CodeCache: size=245760Kb used=10908Kb max_used=10919Kb free=234851Kb
 bounds [0x00000001025ab000, 0x000000010307b000, 0x00000001115ab000]
 total_blobs=3660 nmethods=2754 adapters=819
 compilation: enabled

Compilation events (10 events):
Event: 55.119 Thread 0x00007ff0e501b000 3077       4       processing.opengl.PGraphicsOpenGL::translate (8 bytes)
Event: 55.122 Thread 0x00007ff0e484c800 3078       4       jogamp.opengl.gl4.GL4bcImpl::glUniform4f (59 bytes)
Event: 55.122 Thread 0x00007ff0e501b000 nmethod 3077 0x0000000102b0df50 code [0x0000000102b0e0e0, 0x0000000102b0e408]
Event: 55.123 Thread 0x00007ff0e484c800 nmethod 3078 0x0000000102b0db10 code [0x0000000102b0dc80, 0x0000000102b0dde8]
Event: 57.829 Thread 0x00007ff0e501c000 3079       3       java.awt.Rectangle::isEmpty (20 bytes)
Event: 57.829 Thread 0x00007ff0e501c000 nmethod 3079 0x0000000102af4f90 code [0x0000000102af5100, 0x0000000102af52f0]
Event: 57.842 Thread 0x00007ff0e501c000 3081   !   3       sun.lwawt.LWComponentPeer::isShowing (49 bytes)
Event: 57.843 Thread 0x00007ff0e501c000 nmethod 3081 0x0000000102af6210 code [0x0000000102af63c0, 0x0000000102af6cc8]
Event: 57.843 Thread 0x00007ff0e501c000 3080       1       java.awt.AWTEvent::isConsumed (5 bytes)
Event: 57.843 Thread 0x00007ff0e501c000 nmethod 3080 0x0000000102a586d0 code [0x0000000102a58820, 0x0000000102a58930]

GC Heap History (10 events):
Event: 15.333 GC heap before
{Heap before GC invocations=10 (full 1):
 PSYoungGen      total 70144K, used 67561K [0x00000007aab00000, 0x00000007afc80000, 0x00000007c0000000)
  eden space 57856K, 100% used [0x00000007aab00000,0x00000007ae380000,0x00000007ae380000)
  from space 12288K, 78% used [0x00000007af080000,0x00000007af9fa6c0,0x00000007afc80000)
  to   space 12800K, 0% used [0x00000007ae380000,0x00000007ae380000,0x00000007af000000)
 ParOldGen       total 44032K, used 17421K [0x0000000780000000, 0x0000000782b00000, 0x00000007aab00000)
  object space 44032K, 39% used [0x0000000780000000,0x0000000781103580,0x0000000782b00000)
 Metaspace       used 27321K, capacity 27583K, committed 27904K, reserved 1075200K
  class space    used 2159K, capacity 2263K, committed 2304K, reserved 1048576K
Event: 15.339 GC heap after
Heap after GC invocations=10 (full 1):
 PSYoungGen      total 70656K, used 10730K [0x00000007aab00000, 0x00000007b1b00000, 0x00000007c0000000)
  eden space 57856K, 0% used [0x00000007aab00000,0x00000007aab00000,0x00000007ae380000)
  from space 12800K, 83% used [0x00000007ae380000,0x00000007aedfab68,0x00000007af000000)
  to   space 14336K, 0% used [0x00000007b0d00000,0x00000007b0d00000,0x00000007b1b00000)
 ParOldGen       total 44032K, used 17824K [0x0000000780000000, 0x0000000782b00000, 0x00000007aab00000)
  object space 44032K, 40% used [0x0000000780000000,0x0000000781168230,0x0000000782b00000)
 Metaspace       used 27321K, capacity 27583K, committed 27904K, reserved 1075200K
  class space    used 2159K, capacity 2263K, committed 2304K, reserved 1048576K
}
Event: 21.153 GC heap before
{Heap before GC invocations=11 (full 1):
 PSYoungGen      total 70656K, used 68586K [0x00000007aab00000, 0x00000007b1b00000, 0x00000007c0000000)
  eden space 57856K, 100% used [0x00000007aab00000,0x00000007ae380000,0x00000007ae380000)
  from space 12800K, 83% used [0x00000007ae380000,0x00000007aedfab68,0x00000007af000000)
  to   space 14336K, 0% used [0x00000007b0d00000,0x00000007b0d00000,0x00000007b1b00000)
 ParOldGen       total 44032K, used 17824K [0x0000000780000000, 0x0000000782b00000, 0x00000007aab00000)
  object space 44032K, 40% used [0x0000000780000000,0x0000000781168230,0x0000000782b00000)
 Metaspace       used 27385K, capacity 27647K, committed 27904K, reserved 1075200K
  class space    used 2159K, capacity 2263K, committed 2304K, reserved 1048576K
Event: 21.166 GC heap after
Heap after GC invocations=11 (full 1):
 PSYoungGen      total 97280K, used 2592K [0x00000007aab00000, 0x00000007b1980000, 0x00000007c0000000)
  eden space 84480K, 0% used [0x00000007aab00000,0x00000007aab00000,0x00000007afd80000)
  from space 12800K, 20% used [0x00000007b0d00000,0x00000007b0f88090,0x00000007b1980000)
  to   space 14336K, 0% used [0x00000007afd80000,0x00000007afd80000,0x00000007b0b80000)
 ParOldGen       total 44032K, used 25596K [0x0000000780000000, 0x0000000782b00000, 0x00000007aab00000)
  object space 44032K, 58% used [0x0000000780000000,0x00000007818ff350,0x0000000782b00000)
 Metaspace       used 27385K, capacity 27647K, committed 27904K, reserved 1075200K
  class space    used 2159K, capacity 2263K, committed 2304K, reserved 1048576K
}
Event: 29.775 GC heap before
{Heap before GC invocations=12 (full 1):
 PSYoungGen      total 97280K, used 87072K [0x00000007aab00000, 0x00000007b1980000, 0x00000007c0000000)
  eden space 84480K, 100% used [0x00000007aab00000,0x00000007afd80000,0x00000007afd80000)
  from space 12800K, 20% used [0x00000007b0d00000,0x00000007b0f88090,0x00000007b1980000)
  to   space 14336K, 0% used [0x00000007afd80000,0x00000007afd80000,0x00000007b0b80000)
 ParOldGen       total 44032K, used 25596K [0x0000000780000000, 0x0000000782b00000, 0x00000007aab00000)
  object space 44032K, 58% used [0x0000000780000000,0x00000007818ff350,0x0000000782b00000)
 Metaspace       used 27388K, capacity 27647K, committed 27904K, reserved 1075200K
  class space    used 2159K, capacity 2263K, committed 2304K, reserved 1048576K
Event: 29.778 GC heap after
Heap after GC invocations=12 (full 1):
 PSYoungGen      total 98816K, used 96K [0x00000007aab00000, 0x00000007b3c80000, 0x00000007c0000000)
  eden space 84480K, 0% used [0x00000007aab00000,0x00000007aab00000,0x00000007afd80000)
  from space 14336K, 0% used [0x00000007afd80000,0x00000007afd98000,0x00000007b0b80000)
  to   space 14336K, 0% used [0x00000007b2e80000,0x00000007b2e80000,0x00000007b3c80000)
 ParOldGen       total 44032K, used 28101K [0x0000000780000000, 0x0000000782b00000, 0x00000007aab00000)
  object space 44032K, 63% used [0x0000000780000000,0x0000000781b71600,0x0000000782b00000)
 Metaspace       used 27388K, capacity 27647K, committed 27904K, reserved 1075200K
  class space    used 2159K, capacity 2263K, committed 2304K, reserved 1048576K
}
Event: 38.302 GC heap before
{Heap before GC invocations=13 (full 1):
 PSYoungGen      total 98816K, used 84576K [0x00000007aab00000, 0x00000007b3c80000, 0x00000007c0000000)
  eden space 84480K, 100% used [0x00000007aab00000,0x00000007afd80000,0x00000007afd80000)
  from space 14336K, 0% used [0x00000007afd80000,0x00000007afd98000,0x00000007b0b80000)
  to   space 14336K, 0% used [0x00000007b2e80000,0x00000007b2e80000,0x00000007b3c80000)
 ParOldGen       total 44032K, used 28101K [0x0000000780000000, 0x0000000782b00000, 0x00000007aab00000)
  object space 44032K, 63% used [0x0000000780000000,0x0000000781b71600,0x0000000782b00000)
 Metaspace       used 27390K, capacity 27647K, committed 27904K, reserved 1075200K
  class space    used 2159K, capacity 2263K, committed 2304K, reserved 1048576K
Event: 38.303 GC heap after
Heap after GC invocations=13 (full 1):
 PSYoungGen      total 128512K, used 96K [0x00000007aab00000, 0x00000007b3980000, 0x00000007c0000000)
  eden space 117248K, 0% used [0x00000007aab00000,0x00000007aab00000,0x00000007b1d80000)
  from space 11264K, 0% used [0x00000007b2e80000,0x00000007b2e98000,0x00000007b3980000)
  to   space 14336K, 0% used [0x00000007b1d80000,0x00000007b1d80000,0x00000007b2b80000)
 ParOldGen       total 44032K, used 28133K [0x0000000780000000, 0x0000000782b00000, 0x00000007aab00000)
  object space 44032K, 63% used [0x0000000780000000,0x0000000781b79600,0x0000000782b00000)
 Metaspace       used 27390K, capacity 27647K, committed 27904K, reserved 1075200K
  class space    used 2159K, capacity 2263K, committed 2304K, reserved 1048576K
}
Event: 50.288 GC heap before
{Heap before GC invocations=14 (full 1):
 PSYoungGen      total 128512K, used 117344K [0x00000007aab00000, 0x00000007b3980000, 0x00000007c0000000)
  eden space 117248K, 100% used [0x00000007aab00000,0x00000007b1d80000,0x00000007b1d80000)
  from space 11264K, 0% used [0x00000007b2e80000,0x00000007b2e98000,0x00000007b3980000)
  to   space 14336K, 0% used [0x00000007b1d80000,0x00000007b1d80000,0x00000007b2b80000)
 ParOldGen       total 44032K, used 28133K [0x0000000780000000, 0x0000000782b00000, 0x00000007aab00000)
  object space 44032K, 63% used [0x0000000780000000,0x0000000781b79600,0x0000000782b00000)
 Metaspace       used 27415K, capacity 27653K, committed 27904K, reserved 1075200K
  class space    used 2160K, capacity 2264K, committed 2304K, reserved 1048576K
Event: 50.290 GC heap after
Heap after GC invocations=14 (full 1):
 PSYoungGen      total 131584K, used 128K [0x00000007aab00000, 0x00000007b6100000, 0x00000007c0000000)
  eden space 117248K, 0% used [0x00000007aab00000,0x00000007aab00000,0x00000007b1d80000)
  from space 14336K, 0% used [0x00000007b1d80000,0x00000007b1da0000,0x00000007b2b80000)
  to   space 14336K, 0% used [0x00000007b5300000,0x00000007b5300000,0x00000007b6100000)
 ParOldGen       total 44032K, used 28149K [0x0000000780000000, 0x0000000782b00000, 0x00000007aab00000)
  object space 44032K, 63% used [0x0000000780000000,0x0000000781b7d600,0x0000000782b00000)
 Metaspace       used 27415K, capacity 27653K, committed 27904K, reserved 1075200K
  class space    used 2160K, capacity 2264K, committed 2304K, reserved 1048576K
}

Deoptimization events (10 events):
Event: 57.827 Thread 0x00007ff0e5175800 Uncommon trap: reason=unstable_if action=reinterpret pc=0x0000000102a59e30 method=sun.lwawt.LWContainerPeer.cutChildren(Lsun/java2d/pipe/Region;Lsun/lwawt/LWComponentPeer;)Lsun/java2d/pipe/Region; @ 67
Event: 57.827 Thread 0x00007ff0e5175800 Uncommon trap: reason=unstable_if action=reinterpret pc=0x0000000102bd276c method=sun.java2d.SunGraphics2D.validateCompClip()V @ 9
Event: 57.828 Thread 0x00007ff0e4a2a800 Uncommon trap: reason=unstable_if action=reinterpret pc=0x0000000102ba3bb0 method=java.security.AccessControlContext.combine([Ljava/security/ProtectionDomain;[Ljava/security/ProtectionDomain;)[Ljava/security/ProtectionDomain; @ 151
Event: 57.829 Thread 0x00007ff0e5175800 Uncommon trap: reason=unstable_if action=reinterpret pc=0x0000000103052754 method=sun.java2d.pipe.Region.intersectsQuickCheck(Lsun/java2d/pipe/Region;)Z @ 41
Event: 57.829 Thread 0x00007ff0e5175800 Uncommon trap: reason=unstable_if action=reinterpret pc=0x0000000102ccdca8 method=java.awt.font.FontRenderContext.equals(Ljava/awt/font/FontRenderContext;)Z @ 2
Event: 57.829 Thread 0x00007ff0e5175800 Uncommon trap: reason=unstable_if action=reinterpret pc=0x0000000102cc2c4c method=java.awt.Font.equals(Ljava/lang/Object;)Z @ 2
Event: 57.858 Thread 0x00007ff0e4a2a800 Uncommon trap: reason=unstable_if action=reinterpret pc=0x0000000102b1eda4 method=java.util.HashMap.putVal(ILjava/lang/Object;Ljava/lang/Object;ZZ)Ljava/lang/Object; @ 81
Event: 57.858 Thread 0x00007ff0e4a2a800 Uncommon trap: reason=unstable_if action=reinterpret pc=0x0000000102aa84bc method=java.util.HashMap.putVal(ILjava/lang/Object;Ljava/lang/Object;ZZ)Ljava/lang/Object; @ 81
Event: 57.859 Thread 0x00007ff0e5175800 Uncommon trap: reason=unstable_if action=reinterpret pc=0x0000000102ca86b8 method=java.awt.font.FontRenderContext.equals(Ljava/awt/font/FontRenderContext;)Z @ 2
Event: 57.887 Thread 0x00007ff0e4800000 Uncommon trap: reason=unstable_if action=reinterpret pc=0x0000000102f7daf8 method=java.security.AccessControlContext.combine([Ljava/security/ProtectionDomain;[Ljava/security/ProtectionDomain;)[Ljava/security/ProtectionDomain; @ 151

Internal exceptions (10 events):
Event: 1.797 Thread 0x00007ff0e4800000 Exception <a 'java/io/FileNotFoundException'> (0x00000007aad8a5b8) thrown at [/Users/java_re/workspace/8-2-build-macosx-x86_64/jdk8u121/8372/hotspot/src/share/vm/prims/jni.cpp, line 709]
Event: 2.227 Thread 0x00007ff0e4800000 Exception <a 'java/io/FileNotFoundException'> (0x00000007aae77560) thrown at [/Users/java_re/workspace/8-2-build-macosx-x86_64/jdk8u121/8372/hotspot/src/share/vm/prims/jni.cpp, line 709]
Event: 4.760 Thread 0x00007ff0e483b800 Exception <a 'java/lang/NullPointerException'> (0x00000007aab82a68) thrown at [/Users/java_re/workspace/8-2-build-macosx-x86_64/jdk8u121/8372/hotspot/src/share/vm/interpreter/linkResolver.cpp, line 1178]
Event: 4.918 Thread 0x00007ff0e4a21800 Exception <a 'java/lang/UnsatisfiedLinkError': com.jogamp.common.util.JarUtil.fixNativeLibAttribs(Ljava/lang/String;)Z> (0x00000007aafe5048) thrown at [/Users/java_re/workspace/8-2-build-macosx-x86_64/jdk8u121/8372/hotspot/src/share/vm/prims/nativeLookup.
Event: 6.199 Thread 0x00007ff0e4800000 Exception <a 'java/io/FileNotFoundException'> (0x00000007ab353fb8) thrown at [/Users/java_re/workspace/8-2-build-macosx-x86_64/jdk8u121/8372/hotspot/src/share/vm/prims/jni.cpp, line 709]
Event: 6.200 Thread 0x00007ff0e4800000 Exception <a 'java/io/FileNotFoundException'> (0x00000007ab35bc38) thrown at [/Users/java_re/workspace/8-2-build-macosx-x86_64/jdk8u121/8372/hotspot/src/share/vm/prims/jni.cpp, line 709]
Event: 6.200 Thread 0x00007ff0e4800000 Implicit null exception at 0x0000000102771336 to 0x00000001027716f1
Event: 7.054 Thread 0x00007ff0e4800000 Implicit null exception at 0x000000010295d486 to 0x000000010295d6cd
Event: 7.203 Thread 0x00007ff0e4f98000 Implicit null exception at 0x000000010276e435 to 0x000000010276e7e1
Event: 7.595 Thread 0x00007ff0e4800000 Implicit null exception at 0x00000001026aa76a to 0x00000001026aa7d5

Events (10 events):
Event: 57.885 loading class jogamp/nativewindow/jawt/macosx/MacOSXJAWTWindow$1
Event: 57.885 loading class jogamp/nativewindow/jawt/macosx/MacOSXJAWTWindow$1 done
Event: 57.886 Executing VM operation: RevokeBias
Event: 57.886 Executing VM operation: RevokeBias done
Event: 57.887 Thread 0x00007ff0e4800000 Uncommon trap: trap_request=0xffffff65 fr.pc=0x0000000102f7daf8
Event: 57.887 Thread 0x00007ff0e4800000 DEOPT PACKING pc=0x0000000102f7daf8 sp=0x00007000019e8820
Event: 57.887 Thread 0x00007ff0e4800000 DEOPT UNPACKING pc=0x00000001025b0229 sp=0x00007000019e87d0 mode 2
Event: 57.887 loading class java/awt/LightweightDispatcher$2
Event: 57.887 loading class java/awt/LightweightDispatcher$2 done
Event: 57.887 loading class java/awt/event/AWTEventListenerProxy


Dynamic libraries:
0x00000000002b9000 	/System/Library/Frameworks/Cocoa.framework/Versions/A/Cocoa
0x0000000100256000 	/System/Library/Frameworks/Security.framework/Versions/A/Security
0x00000000002b9000 	/System/Library/Frameworks/ApplicationServices.framework/Versions/A/ApplicationServices
0x00000000002b9000 	/usr/lib/libz.1.dylib
0x00000000002b9000 	/usr/lib/libSystem.B.dylib
0x00000000002b9000 	/usr/lib/libobjc.A.dylib
0x00000000002b9000 	/System/Library/Frameworks/CoreFoundation.framework/Versions/A/CoreFoundation
0x00000000002b9000 	/System/Library/Frameworks/Foundation.framework/Versions/C/Foundation
0x00000000002b9000 	/System/Library/Frameworks/AppKit.framework/Versions/C/AppKit
0x00000000002b9000 	/System/Library/Frameworks/CoreData.framework/Versions/A/CoreData
0x00000000002b9000 	/System/Library/PrivateFrameworks/RemoteViewServices.framework/Versions/A/RemoteViewServices
0x00000000002b9000 	/System/Library/PrivateFrameworks/UIFoundation.framework/Versions/A/UIFoundation
0x00000000002b9000 	/usr/lib/libScreenReader.dylib
0x00000000002b9000 	/System/Library/Frameworks/Accelerate.framework/Versions/A/Accelerate
0x00000000002b9000 	/System/Library/Frameworks/IOSurface.framework/Versions/A/IOSurface
0x00000000002b9000 	/System/Library/Frameworks/AudioToolbox.framework/Versions/A/AudioToolbox
0x00000000002b9000 	/System/Library/Frameworks/AudioUnit.framework/Versions/A/AudioUnit
0x00000000002b9000 	/System/Library/PrivateFrameworks/DataDetectorsCore.framework/Versions/A/DataDetectorsCore
0x00000000002b9000 	/System/Library/PrivateFrameworks/DesktopServicesPriv.framework/Versions/A/DesktopServicesPriv
0x00000000002b9000 	/System/Library/Frameworks/Carbon.framework/Versions/A/Frameworks/HIToolbox.framework/Versions/A/HIToolbox
0x00000000002b9000 	/System/Library/Frameworks/QuartzCore.framework/Versions/A/QuartzCore
0x00000000002b9000 	/System/Library/Frameworks/Carbon.framework/Versions/A/Frameworks/SpeechRecognition.framework/Versions/A/SpeechRecognition
0x00000000002b9000 	/usr/lib/libauto.dylib
0x00000000002b9000 	/usr/lib/libicucore.A.dylib
0x00000000002b9000 	/usr/lib/libxml2.2.dylib
0x00000000002b9000 	/System/Library/PrivateFrameworks/CoreUI.framework/Versions/A/CoreUI
0x00000000002b9000 	/System/Library/Frameworks/CoreAudio.framework/Versions/A/CoreAudio
0x00000000002b9000 	/System/Library/Frameworks/DiskArbitration.framework/Versions/A/DiskArbitration
0x00000000002b9000 	/usr/lib/liblangid.dylib
0x00000000002b9000 	/System/Library/PrivateFrameworks/MultitouchSupport.framework/Versions/A/MultitouchSupport
0x00000000002b9000 	/System/Library/Frameworks/IOKit.framework/Versions/A/IOKit
0x00000000002b9000 	/usr/lib/libDiagnosticMessagesClient.dylib
0x00000000002b9000 	/System/Library/Frameworks/CoreServices.framework/Versions/A/CoreServices
0x00000000002b9000 	/System/Library/PrivateFrameworks/PerformanceAnalysis.framework/Versions/A/PerformanceAnalysis
0x00000000002b9000 	/System/Library/PrivateFrameworks/GenerationalStorage.framework/Versions/A/GenerationalStorage
0x00000000002b9000 	/System/Library/Frameworks/OpenGL.framework/Versions/A/OpenGL
0x00000000002b9000 	/System/Library/PrivateFrameworks/Sharing.framework/Versions/A/Sharing
0x00000000002b9000 	/System/Library/Frameworks/CoreGraphics.framework/Versions/A/CoreGraphics
0x00000000002b9000 	/System/Library/Frameworks/CoreImage.framework/Versions/A/CoreImage
0x00000000002b9000 	/System/Library/Frameworks/CoreText.framework/Versions/A/CoreText
0x00000000002b9000 	/System/Library/Frameworks/ImageIO.framework/Versions/A/ImageIO
0x00000000002b9000 	/System/Library/PrivateFrameworks/Backup.framework/Versions/A/Backup
0x00000000002b9000 	/usr/lib/libextension.dylib
0x00000000002b9000 	/usr/lib/libarchive.2.dylib
0x0000000100677000 	/System/Library/Frameworks/CFNetwork.framework/Versions/A/CFNetwork
0x00000000002b9000 	/System/Library/Frameworks/SystemConfiguration.framework/Versions/A/SystemConfiguration
0x00000000002b9000 	/usr/lib/libCRFSuite.dylib
0x00000000002b9000 	/usr/lib/libc++.1.dylib
0x00000000002b9000 	/usr/lib/libc++abi.dylib
0x00000000002b9000 	/usr/lib/system/libcache.dylib
0x00000000002b9000 	/usr/lib/system/libcommonCrypto.dylib
0x00000000002b9000 	/usr/lib/system/libcompiler_rt.dylib
0x00000000002b9000 	/usr/lib/system/libcopyfile.dylib
0x00000000002b9000 	/usr/lib/system/libcorecrypto.dylib
0x00000000002b9000 	/usr/lib/system/libdispatch.dylib
0x00000000002b9000 	/usr/lib/system/libdyld.dylib
0x00000000002b9000 	/usr/lib/system/libkeymgr.dylib
0x0000000100aee000 	/usr/lib/system/liblaunch.dylib
0x00000000002b9000 	/usr/lib/system/libmacho.dylib
0x00000000002b9000 	/usr/lib/system/libquarantine.dylib
0x00000000002b9000 	/usr/lib/system/libremovefile.dylib
0x00000000002b9000 	/usr/lib/system/libsystem_asl.dylib
0x00000000002b9000 	/usr/lib/system/libsystem_blocks.dylib
0x00000000002b9000 	/usr/lib/system/libsystem_c.dylib
0x00000000002b9000 	/usr/lib/system/libsystem_configuration.dylib
0x00000000002b9000 	/usr/lib/system/libsystem_coreservices.dylib
0x00000000002b9000 	/usr/lib/system/libsystem_coretls.dylib
0x00000000002b9000 	/usr/lib/system/libsystem_dnssd.dylib
0x00000000002b9000 	/usr/lib/system/libsystem_info.dylib
0x00000000002b9000 	/usr/lib/system/libsystem_kernel.dylib
0x00000000002b9000 	/usr/lib/system/libsystem_m.dylib
0x00000000002b9000 	/usr/lib/system/libsystem_malloc.dylib
0x00000000002b9000 	/usr/lib/system/libsystem_network.dylib
0x00000000002b9000 	/usr/lib/system/libsystem_networkextension.dylib
0x00000000002b9000 	/usr/lib/system/libsystem_notify.dylib
0x00000000002b9000 	/usr/lib/system/libsystem_platform.dylib
0x00000000002b9000 	/usr/lib/system/libsystem_pthread.dylib
0x0000000100af6000 	/usr/lib/system/libsystem_sandbox.dylib
0x00000000002b9000 	/usr/lib/system/libsystem_secinit.dylib
0x00000000002b9000 	/usr/lib/system/libsystem_trace.dylib
0x00000000002b9000 	/usr/lib/system/libunc.dylib
0x00000000002b9000 	/usr/lib/system/libunwind.dylib
0x0000000100b04000 	/usr/lib/system/libxpc.dylib
0x00000000002b9000 	/usr/lib/libenergytrace.dylib
0x00000000002b9000 	/usr/lib/libbsm.0.dylib
0x00000000002b9000 	/usr/lib/system/libkxld.dylib
0x00000000002b9000 	/usr/lib/libxar.1.dylib
0x00000000002b9000 	/usr/lib/libsqlite3.dylib
0x00000000002b9000 	/usr/lib/libpam.2.dylib
0x00000000002b9000 	/usr/lib/libOpenScriptingUtil.dylib
0x00000000002b9000 	/usr/lib/libbz2.1.0.dylib
0x00000000002b9000 	/usr/lib/liblzma.5.dylib
0x00000000002b9000 	/System/Library/Frameworks/CoreServices.framework/Versions/A/Frameworks/FSEvents.framework/Versions/A/FSEvents
0x00000000002b9000 	/System/Library/Frameworks/CoreServices.framework/Versions/A/Frameworks/CarbonCore.framework/Versions/A/CarbonCore
0x00000000002b9000 	/System/Library/Frameworks/CoreServices.framework/Versions/A/Frameworks/Metadata.framework/Versions/A/Metadata
0x00000000002b9000 	/System/Library/Frameworks/CoreServices.framework/Versions/A/Frameworks/OSServices.framework/Versions/A/OSServices
0x00000000002b9000 	/System/Library/Frameworks/CoreServices.framework/Versions/A/Frameworks/SearchKit.framework/Versions/A/SearchKit
0x00000000002b9000 	/System/Library/Frameworks/CoreServices.framework/Versions/A/Frameworks/AE.framework/Versions/A/AE
0x00000000002b9000 	/System/Library/Frameworks/CoreServices.framework/Versions/A/Frameworks/LaunchServices.framework/Versions/A/LaunchServices
0x00000000002b9000 	/System/Library/Frameworks/CoreServices.framework/Versions/A/Frameworks/DictionaryServices.framework/Versions/A/DictionaryServices
0x00000000002b9000 	/System/Library/Frameworks/CoreServices.framework/Versions/A/Frameworks/SharedFileList.framework/Versions/A/SharedFileList
0x00000000002b9000 	/System/Library/Frameworks/NetFS.framework/Versions/A/NetFS
0x00000000002b9000 	/System/Library/PrivateFrameworks/NetAuth.framework/Versions/A/NetAuth
0x00000000002b9000 	/System/Library/PrivateFrameworks/login.framework/Versions/A/Frameworks/loginsupport.framework/Versions/A/loginsupport
0x00000000002b9000 	/System/Library/PrivateFrameworks/TCC.framework/Versions/A/TCC
0x00000000002b9000 	/usr/lib/libmecabra.dylib
0x00000000002b9000 	/System/Library/Frameworks/ApplicationServices.framework/Versions/A/Frameworks/ATS.framework/Versions/A/ATS
0x00000000002b9000 	/System/Library/Frameworks/ApplicationServices.framework/Versions/A/Frameworks/ColorSync.framework/Versions/A/ColorSync
0x00000000002b9000 	/System/Library/Frameworks/ApplicationServices.framework/Versions/A/Frameworks/HIServices.framework/Versions/A/HIServices
0x00000000002b9000 	/System/Library/Frameworks/ApplicationServices.framework/Versions/A/Frameworks/LangAnalysis.framework/Versions/A/LangAnalysis
0x00000000002b9000 	/System/Library/Frameworks/ApplicationServices.framework/Versions/A/Frameworks/PrintCore.framework/Versions/A/PrintCore
0x00000000002b9000 	/System/Library/Frameworks/ApplicationServices.framework/Versions/A/Frameworks/QD.framework/Versions/A/QD
0x00000000002b9000 	/System/Library/Frameworks/ApplicationServices.framework/Versions/A/Frameworks/SpeechSynthesis.framework/Versions/A/SpeechSynthesis
0x00000000002b9000 	/System/Library/Frameworks/Metal.framework/Versions/A/Metal
0x00000000002b9000 	/System/Library/Frameworks/Accelerate.framework/Versions/A/Frameworks/vImage.framework/Versions/A/vImage
0x00000000002b9000 	/System/Library/Frameworks/Accelerate.framework/Versions/A/Frameworks/vecLib.framework/Versions/A/vecLib
0x00000000002b9000 	/System/Library/Frameworks/Accelerate.framework/Versions/A/Frameworks/vecLib.framework/Versions/A/libvDSP.dylib
0x00000000002b9000 	/System/Library/Frameworks/Accelerate.framework/Versions/A/Frameworks/vecLib.framework/Versions/A/libvMisc.dylib
0x00000000002b9000 	/System/Library/Frameworks/Accelerate.framework/Versions/A/Frameworks/vecLib.framework/Versions/A/libLAPACK.dylib
0x00000000002b9000 	/System/Library/Frameworks/Accelerate.framework/Versions/A/Frameworks/vecLib.framework/Versions/A/libBLAS.dylib
0x00000000002b9000 	/System/Library/Frameworks/Accelerate.framework/Versions/A/Frameworks/vecLib.framework/Versions/A/libLinearAlgebra.dylib
0x00000000002b9000 	/System/Library/Frameworks/Accelerate.framework/Versions/A/Frameworks/vecLib.framework/Versions/A/libSparseBLAS.dylib
0x00000000002b9000 	/System/Library/PrivateFrameworks/GPUCompiler.framework/libmetal_timestamp.dylib
0x00000000002b9000 	/System/Library/Frameworks/OpenGL.framework/Versions/A/Libraries/libCoreFSCache.dylib
0x00000000002b9000 	/System/Library/PrivateFrameworks/IOAccelerator.framework/Versions/A/IOAccelerator
0x00000000002b9000 	/System/Library/Frameworks/ApplicationServices.framework/Versions/A/Frameworks/ATS.framework/Versions/A/Resources/libFontParser.dylib
0x00000000002b9000 	/System/Library/Frameworks/ApplicationServices.framework/Versions/A/Frameworks/ATS.framework/Versions/A/Resources/libFontRegistry.dylib
0x00000000002b9000 	/System/Library/PrivateFrameworks/AppleVPA.framework/Versions/A/AppleVPA
0x00000000002b9000 	/System/Library/PrivateFrameworks/AppleJPEG.framework/Versions/A/AppleJPEG
0x00000000002b9000 	/System/Library/Frameworks/ImageIO.framework/Versions/A/Resources/libJPEG.dylib
0x00000000002b9000 	/System/Library/Frameworks/ImageIO.framework/Versions/A/Resources/libTIFF.dylib
0x00000000002b9000 	/System/Library/Frameworks/ImageIO.framework/Versions/A/Resources/libPng.dylib
0x00000000002b9000 	/System/Library/Frameworks/ImageIO.framework/Versions/A/Resources/libGIF.dylib
0x00000000002b9000 	/System/Library/Frameworks/ImageIO.framework/Versions/A/Resources/libJP2.dylib
0x00000000002b9000 	/System/Library/Frameworks/ImageIO.framework/Versions/A/Resources/libRadiance.dylib
0x00000000002b9000 	/System/Library/Frameworks/CoreVideo.framework/Versions/A/CoreVideo
0x00000000002b9000 	/System/Library/Frameworks/OpenGL.framework/Versions/A/Libraries/libGLU.dylib
0x00000000002b9000 	/System/Library/Frameworks/OpenGL.framework/Versions/A/Libraries/libGFXShared.dylib
0x00000000002b9000 	/System/Library/Frameworks/OpenGL.framework/Versions/A/Libraries/libGL.dylib
0x00000000002b9000 	/System/Library/Frameworks/OpenGL.framework/Versions/A/Libraries/libGLImage.dylib
0x00000000002b9000 	/System/Library/Frameworks/OpenGL.framework/Versions/A/Libraries/libCVMSPluginSupport.dylib
0x00000000002b9000 	/System/Library/Frameworks/OpenGL.framework/Versions/A/Libraries/libCoreVMClient.dylib
0x00000000002b9000 	/usr/lib/libcompression.dylib
0x00000000002b9000 	/usr/lib/libcups.2.dylib
0x00000000002b9000 	/System/Library/Frameworks/Kerberos.framework/Versions/A/Kerberos
0x00000000002b9000 	/System/Library/Frameworks/GSS.framework/Versions/A/GSS
0x00000000002b9000 	/usr/lib/libresolv.9.dylib
0x00000000002b9000 	/usr/lib/libiconv.2.dylib
0x00000000002b9000 	/System/Library/PrivateFrameworks/Heimdal.framework/Versions/A/Heimdal
0x00000000002b9000 	/usr/lib/libheimdal-asn1.dylib
0x00000000002b9000 	/System/Library/Frameworks/OpenDirectory.framework/Versions/A/OpenDirectory
0x00000000002b9000 	/System/Library/PrivateFrameworks/CommonAuth.framework/Versions/A/CommonAuth
0x00000000002b9000 	/System/Library/Frameworks/OpenDirectory.framework/Versions/A/Frameworks/CFOpenDirectory.framework/Versions/A/CFOpenDirectory
0x00000000002b9000 	/System/Library/Frameworks/SecurityFoundation.framework/Versions/A/SecurityFoundation
0x00000000002b9000 	/System/Library/PrivateFrameworks/LanguageModeling.framework/Versions/A/LanguageModeling
0x00000000002b9000 	/usr/lib/libmarisa.dylib
0x00000000002b9000 	/usr/lib/libChineseTokenizer.dylib
0x00000000002b9000 	/usr/lib/libcmph.dylib
0x0000000100b4e000 	/System/Library/Frameworks/ServiceManagement.framework/Versions/A/ServiceManagement
0x00000000002b9000 	/usr/lib/libxslt.1.dylib
0x00000000002b9000 	/System/Library/Frameworks/Carbon.framework/Versions/A/Frameworks/Ink.framework/Versions/A/Ink
0x00000000002b9000 	/usr/lib/libFosl_dynamic.dylib
0x00000000002b9000 	/System/Library/PrivateFrameworks/FaceCore.framework/Versions/A/FaceCore
0x00000000002b9000 	/System/Library/Frameworks/OpenCL.framework/Versions/A/OpenCL
0x00000000002b9000 	/System/Library/PrivateFrameworks/CrashReporterSupport.framework/Versions/A/CrashReporterSupport
0x00000000002b9000 	/System/Library/PrivateFrameworks/IconServices.framework/Versions/A/IconServices
0x00000000002b9000 	/System/Library/PrivateFrameworks/Apple80211.framework/Versions/A/Apple80211
0x00000000002b9000 	/System/Library/Frameworks/CoreWLAN.framework/Versions/A/CoreWLAN
0x00000000002b9000 	/System/Library/Frameworks/IOBluetooth.framework/Versions/A/IOBluetooth
0x00000000002b9000 	/System/Library/PrivateFrameworks/CoreWiFi.framework/Versions/A/CoreWiFi
0x00000000002b9000 	/System/Library/Frameworks/CoreBluetooth.framework/Versions/A/CoreBluetooth
0x00000000002b9000 	/System/Library/PrivateFrameworks/ChunkingLibrary.framework/Versions/A/ChunkingLibrary
0x00000000002b9000 	/System/Library/PrivateFrameworks/DebugSymbols.framework/Versions/A/DebugSymbols
0x00000000002b9000 	/System/Library/PrivateFrameworks/CoreSymbolication.framework/Versions/A/CoreSymbolication
0x00000000002b9000 	/System/Library/PrivateFrameworks/Symbolication.framework/Versions/A/Symbolication
0x00000000002b9000 	/System/Library/PrivateFrameworks/SpeechRecognitionCore.framework/Versions/A/SpeechRecognitionCore
0x0000000101600000 	/Library/Java/JavaVirtualMachines/jdk1.8.0_121.jdk/Contents/Home/jre/lib/server/libjvm.dylib
0x00000000002b9000 	/usr/lib/libstdc++.6.dylib
0x0000000100db3000 	/Library/Java/JavaVirtualMachines/jdk1.8.0_121.jdk/Contents/Home/jre/lib/libverify.dylib
0x0000000100dc1000 	/Library/Java/JavaVirtualMachines/jdk1.8.0_121.jdk/Contents/Home/jre/lib/libjava.dylib
0x00000001025a2000 	/Library/Java/JavaVirtualMachines/jdk1.8.0_121.jdk/Contents/Home/jre/lib/libzip.dylib
0x00000001159a5000 	/System/Library/Frameworks/JavaVM.framework/Frameworks/JavaRuntimeSupport.framework/JavaRuntimeSupport
0x00000001159c0000 	/System/Library/Frameworks/JavaVM.framework/Versions/A/Frameworks/JavaNativeFoundation.framework/Versions/A/JavaNativeFoundation
0x00000001159d5000 	/System/Library/Frameworks/JavaVM.framework/Versions/A/JavaVM
0x00000000002b9000 	/System/Library/Frameworks/Carbon.framework/Versions/A/Carbon
0x00000001159e2000 	/System/Library/PrivateFrameworks/JavaLaunching.framework/Versions/A/JavaLaunching
0x00000000002b9000 	/System/Library/Frameworks/Carbon.framework/Versions/A/Frameworks/CommonPanels.framework/Versions/A/CommonPanels
0x00000000002b9000 	/System/Library/Frameworks/Carbon.framework/Versions/A/Frameworks/Help.framework/Versions/A/Help
0x00000000002b9000 	/System/Library/Frameworks/Carbon.framework/Versions/A/Frameworks/ImageCapture.framework/Versions/A/ImageCapture
0x00000000002b9000 	/System/Library/Frameworks/Carbon.framework/Versions/A/Frameworks/OpenScripting.framework/Versions/A/OpenScripting
0x00000000002b9000 	/System/Library/Frameworks/Carbon.framework/Versions/A/Frameworks/Print.framework/Versions/A/Print
0x00000000002b9000 	/System/Library/Frameworks/Carbon.framework/Versions/A/Frameworks/SecurityHI.framework/Versions/A/SecurityHI
0x0000000117334000 	/Library/Java/JavaVirtualMachines/jdk1.8.0_121.jdk/Contents/Home/jre/lib/libawt.dylib
0x00000001173dc000 	/Library/Java/JavaVirtualMachines/jdk1.8.0_121.jdk/Contents/Home/jre/lib/./libmlib_image.dylib
0x00000001174a8000 	/Library/Java/JavaVirtualMachines/jdk1.8.0_121.jdk/Contents/Home/jre/lib/libawt_lwawt.dylib
0x000000011755f000 	/Library/Java/JavaVirtualMachines/jdk1.8.0_121.jdk/Contents/Home/jre/lib/./libosxapp.dylib
0x00000000002b9000 	/System/Library/Frameworks/ExceptionHandling.framework/Versions/A/ExceptionHandling
0x00000000002b9000 	/System/Library/PrivateFrameworks/CoreServicesInternal.framework/Versions/A/CoreServicesInternal
0x00000000002b9000 	/System/Library/Frameworks/CoreGraphics.framework/Versions/A/Resources/libRIP.A.dylib
0x00000001182e9000 	/System/Library/Frameworks/Accelerate.framework/Frameworks/vImage.framework/Versions/A/Libraries/libCGInterfaces.dylib
0x00000000002b9000 	/System/Library/Frameworks/CoreGraphics.framework/Versions/A/Resources/libCGXType.A.dylib
0x00000000002b9000 	/System/Library/Frameworks/OpenCL.framework/Versions/A/Libraries/libcldcpuengine.dylib
0x00000000002b9000 	/System/Library/PrivateFrameworks/DiskImages.framework/Versions/A/DiskImages
0x00000000002b9000 	/System/Library/Frameworks/DiscRecording.framework/Versions/A/DiscRecording
0x00000000002b9000 	/usr/lib/libcsfde.dylib
0x00000000002b9000 	/usr/lib/libcurl.4.dylib
0x00000000002b9000 	/System/Library/PrivateFrameworks/MediaKit.framework/Versions/A/MediaKit
0x00000000002b9000 	/System/Library/PrivateFrameworks/ProtectedCloudStorage.framework/Versions/A/ProtectedCloudStorage
0x00000000002b9000 	/usr/lib/libCoreStorage.dylib
0x00000000002b9000 	/System/Library/PrivateFrameworks/EFILogin.framework/Versions/A/EFILogin
0x00000000002b9000 	/usr/lib/libutil.dylib
0x00000000002b9000 	/System/Library/PrivateFrameworks/FindMyDevice.framework/Versions/A/FindMyDevice
0x00000000002b9000 	/System/Library/Frameworks/LDAP.framework/Versions/A/LDAP
0x00000000002b9000 	/usr/lib/libsasl2.2.dylib
0x00000000002b9000 	/System/Library/PrivateFrameworks/CoreDaemon.framework/Versions/B/CoreDaemon
0x00000000002b9000 	/usr/lib/libcrypto.0.9.8.dylib
0x00000000002b9000 	/System/Library/PrivateFrameworks/AppleSRP.framework/Versions/A/AppleSRP
0x00000000002b9000 	/System/Library/PrivateFrameworks/TrustEvaluationAgent.framework/Versions/A/TrustEvaluationAgent
0x0000000119021000 	cl_kernels
0x00000000002b9000 	/System/Library/Frameworks/OpenCL.framework/Versions/A/Libraries/ImageFormats/unorm8_bgra.dylib
0x00000000002b9000 	/System/Library/Frameworks/OpenCL.framework/Versions/A/Libraries/ImageFormats/unorm8_rgba.dylib
0x00000000002b9000 	/System/Library/PrivateFrameworks/FamilyControls.framework/Versions/A/FamilyControls
0x00000000002b9000 	/System/Library/PrivateFrameworks/CommerceKit.framework/Versions/A/Frameworks/CommerceCore.framework/Versions/A/CommerceCore
0x00000000002b9000 	/System/Library/PrivateFrameworks/SystemAdministration.framework/Versions/A/SystemAdministration
0x00000000002b9000 	/System/Library/PrivateFrameworks/AppContainer.framework/Versions/A/AppContainer
0x00000000002b9000 	/System/Library/PrivateFrameworks/SecCodeWrapper.framework/Versions/A/SecCodeWrapper
0x00000000002b9000 	/System/Library/Frameworks/DirectoryService.framework/Versions/A/DirectoryService
0x00000000002b9000 	/System/Library/PrivateFrameworks/LoginUIKit.framework/Versions/A/Frameworks/LoginUICore.framework/Versions/A/LoginUICore
0x00000000002b9000 	/usr/lib/libodfde.dylib
0x000000011a096000 	/System/Library/Frameworks/OpenGL.framework/Resources/GLEngine.bundle/GLEngine
0x00000000002b9000 	/System/Library/Frameworks/OpenGL.framework/Versions/A/Libraries/libGLProgrammability.dylib
0x000000011a27e000 	/System/Library/Extensions/AMDRadeonX3000GLDriver.bundle/Contents/MacOS/AMDRadeonX3000GLDriver
0x00000000002b9000 	/System/Library/PrivateFrameworks/GPUSupport.framework/Versions/A/Libraries/libGPUSupportMercury.dylib
0x000000011a35d000 	/System/Library/Extensions/AMDRadeonX3000GLDriver.bundle/Contents/MacOS/ATIRadeonX3000SCLib.dylib
0x000000011a5da000 	/System/Library/Frameworks/OpenGL.framework/Resources//GLRendererFloat.bundle/GLRendererFloat
0x000000011a689000 	/Library/Java/JavaVirtualMachines/jdk1.8.0_121.jdk/Contents/Home/jre/lib/libfontmanager.dylib
0x000000011b384000 	/Library/Java/JavaVirtualMachines/jdk1.8.0_121.jdk/Contents/Home/jre/lib/libosxui.dylib
0x000000011be8d000 	/Library/Java/JavaVirtualMachines/jdk1.8.0_121.jdk/Contents/Home/jre/lib/libnet.dylib
0x000000011bea4000 	/Library/Java/JavaVirtualMachines/jdk1.8.0_121.jdk/Contents/Home/jre/lib/libnio.dylib
0x00000000002b9000 	/System/Library/Frameworks/ApplicationServices.framework/Versions/A/Frameworks/ATS.framework/Versions/A/Resources/libTrueTypeScaler.dylib
0x000000017a748000 	/private/var/folders/46/wfq1xpb12hzd2bjqq_53x6280000gn/T/jogamp_0000/file_cache/jln864532154544223555/jln3699758264468506628/libgluegen-rt.jnilib
0x000000017a74c000 	/private/var/folders/46/wfq1xpb12hzd2bjqq_53x6280000gn/T/jogamp_0000/file_cache/jln864532154544223555/jln3699758264468506628/libnativewindow_awt.jnilib
0x000000017a74f000 	/Library/Java/JavaVirtualMachines/jdk1.8.0_121.jdk/Contents/Home/jre/lib/libjawt.dylib
0x000000017a752000 	/private/var/folders/46/wfq1xpb12hzd2bjqq_53x6280000gn/T/jogamp_0000/file_cache/jln864532154544223555/jln3699758264468506628/libnativewindow_macosx.jnilib
0x000000017c44d000 	/private/var/folders/46/wfq1xpb12hzd2bjqq_53x6280000gn/T/jogamp_0000/file_cache/jln864532154544223555/jln3699758264468506628/libjogl_desktop.jnilib
0x0000000118eb8000 	/Library/Java/JavaVirtualMachines/jdk1.8.0_121.jdk/Contents/Home/jre/lib/libt2k.dylib

VM Arguments:
jvm_args: -Djava.security.policy=java.policy.applet -Dfile.encoding=UTF-8 
java_command: sun.applet.AppletViewer earthQuakeMap.EarthquakeCityMap1502759868976.html
java_class_path (initial): /Users/brunogtavares/Desktop/Exercises/Java/UCSDUnfoldingMaps/build:/Users/brunogtavares/Desktop/Exercises/Java/UCSDUnfoldingMaps/lib/core.jar:/Users/brunogtavares/Desktop/Exercises/Java/UCSDUnfoldingMaps/lib/gluegen-rt.jar:/Users/brunogtavares/Desktop/Exercises/Java/UCSDUnfoldingMaps/lib/jogl-all.jar:/Users/brunogtavares/Desktop/Exercises/Java/UCSDUnfoldingMaps/lib/log4j-1.2.15.jar:/Users/brunogtavares/Desktop/Exercises/Java/UCSDUnfoldingMaps/lib/sqlite-jdbc-3.7.2.jar:/Users/brunogtavares/Desktop/Exercises/Java/UCSDUnfoldingMaps/lib/json4processing.jar:/Users/brunogtavares/Desktop/Exercises/Java/UCSDUnfoldingMaps/lib/libTUIO.jar:/Users/brunogtavares/Desktop/Exercises/Java/UCSDUnfoldingMaps/lib/unfolding.0.9.7-uscd.jar:/Users/brunogtavares/Desktop/Exercises/Java/UCSDUnfoldingMaps/lib/courserajava.jar
Launcher Type: SUN_STANDARD

Environment Variables:
PATH=/usr/bin:/bin:/usr/sbin:/sbin
SHELL=/bin/bash
DISPLAY=/private/tmp/com.apple.launchd.p9bQSJDrAW/org.macosforge.xquartz:0

Signal Handlers:
SIGSEGV: [libjvm.dylib+0x5b1141], sa_mask[0]=11111111011111110111111111111111, sa_flags=SA_ONSTACK|SA_RESTART|SA_SIGINFO
SIGBUS: [libjvm.dylib+0x5b1141], sa_mask[0]=11111111011111110111111111111111, sa_flags=SA_RESTART|SA_SIGINFO
SIGFPE: [libjvm.dylib+0x487bc4], sa_mask[0]=11111111011111110111111111111111, sa_flags=SA_RESTART|SA_SIGINFO
SIGPIPE: [libjvm.dylib+0x487bc4], sa_mask[0]=11111111011111110111111111111111, sa_flags=SA_RESTART|SA_SIGINFO
SIGXFSZ: [libjvm.dylib+0x487bc4], sa_mask[0]=11111111011111110111111111111111, sa_flags=SA_RESTART|SA_SIGINFO
SIGILL: [libjvm.dylib+0x487bc4], sa_mask[0]=11111111011111110111111111111111, sa_flags=SA_RESTART|SA_SIGINFO
SIGUSR1: SIG_DFL, sa_mask[0]=00000000000000000000000000000000, sa_flags=none
SIGUSR2: [libjvm.dylib+0x4876e2], sa_mask[0]=00100000000000000000000000000000, sa_flags=SA_RESTART|SA_SIGINFO
SIGHUP: [libjvm.dylib+0x485cb9], sa_mask[0]=11111111011111110111111111111111, sa_flags=SA_RESTART|SA_SIGINFO
SIGINT: [libjvm.dylib+0x485cb9], sa_mask[0]=11111111011111110111111111111111, sa_flags=SA_RESTART|SA_SIGINFO
SIGTERM: [libjvm.dylib+0x485cb9], sa_mask[0]=11111111011111110111111111111111, sa_flags=SA_RESTART|SA_SIGINFO
SIGQUIT: [libjvm.dylib+0x485cb9], sa_mask[0]=11111111011111110111111111111111, sa_flags=SA_RESTART|SA_SIGINFO


---------------  S Y S T E M  ---------------

OS:Bsduname:Darwin 15.6.0 Darwin Kernel Version 15.6.0: Sun Jun  4 21:43:07 PDT 2017; root:xnu-3248.70.3~1/RELEASE_X86_64 x86_64
rlimit: STACK 8192k, CORE 0k, NPROC 709, NOFILE 10240, AS infinity
load average:3.02 2.80 3.08

CPU:total 4 (4 cores per cpu, 1 threads per core) family 6 model 42 stepping 7, cmov, cx8, fxsr, mmx, sse, sse2, sse3, ssse3, sse4.1, sse4.2, popcnt, avx, aes, clmul, tsc, tscinvbit

Memory: 4k page, physical 4194304k(47616k free)

/proc/meminfo:


vm_info: Java HotSpot(TM) 64-Bit Server VM (25.121-b13) for bsd-amd64 JRE (1.8.0_121-b13), built on Dec 12 2016 20:39:32 by "java_re" with gcc 4.2.1 (Based on Apple Inc. build 5658) (LLVM build 2336.11.00)

time: Mon Aug 14 21:18:47 2017
elapsed time: 58 seconds (0d 0h 0m 58s)

